# Brake Pad Analysis Results
# Thu Aug 12 10:25:45 2021
#
#INPUT: #
#INPUT: # Brake Pad Analysis input file
#INPUT: #
#INPUT: 
#INPUT: od: 11.0
#INPUT: width: 5.0
#INPUT: centerLength: 3.0
#INPUT: thickness: 0.5
#INPUT: brakeMu: 0.8
#INPUT: normalForce: 1687.145838
#INPUT: vehicleSpeed: 60.0
#INPUT: tireDiam: 22.0
#INPUT: 
#INPUT: 

# calculated parameters
wheelRPM=916.732488
effectiveRadius=3.000000
effectiveSpeed=24.000000
frictionForce=1349.716670
surfaceArea=15.000000
wearRate=1.295728e-006
heat=35.136004
brakeTorque=337.429168
life=308706.764764
